<?xml version="1.0" encoding="UTF-8"?>
<testsuite name="com.leszko.calculator.MemberRepositoryTest" tests="1" skipped="0" failures="0" errors="0" timestamp="2024-12-28T07:01:28" hostname="ADAMui-MacBookPro.local" time="0.095">
  <properties/>
  <testcase name="save()" classname="com.leszko.calculator.MemberRepositoryTest" time="0.095"/>
  <system-out><![CDATA[16:01:27.133 [Test worker] DEBUG org.springframework.test.context.BootstrapUtils - Instantiating CacheAwareContextLoaderDelegate from class [org.springframework.test.context.cache.DefaultCacheAwareContextLoaderDelegate]
16:01:27.139 [Test worker] DEBUG org.springframework.test.context.BootstrapUtils - Instantiating BootstrapContext using constructor [public org.springframework.test.context.support.DefaultBootstrapContext(java.lang.Class,org.springframework.test.context.CacheAwareContextLoaderDelegate)]
16:01:27.160 [Test worker] DEBUG org.springframework.test.context.BootstrapUtils - Instantiating TestContextBootstrapper for test class [com.leszko.calculator.MemberRepositoryTest] from class [org.springframework.boot.test.autoconfigure.orm.jpa.DataJpaTestContextBootstrapper]
16:01:27.164 [Test worker] INFO org.springframework.boot.test.autoconfigure.orm.jpa.DataJpaTestContextBootstrapper - Neither @ContextConfiguration nor @ContextHierarchy found for test class [com.leszko.calculator.MemberRepositoryTest], using SpringBootContextLoader
16:01:27.166 [Test worker] DEBUG org.springframework.test.context.support.AbstractContextLoader - Did not detect default resource location for test class [com.leszko.calculator.MemberRepositoryTest]: class path resource [com/leszko/calculator/MemberRepositoryTest-context.xml] does not exist
16:01:27.166 [Test worker] DEBUG org.springframework.test.context.support.AbstractContextLoader - Did not detect default resource location for test class [com.leszko.calculator.MemberRepositoryTest]: class path resource [com/leszko/calculator/MemberRepositoryTestContext.groovy] does not exist
16:01:27.167 [Test worker] INFO org.springframework.test.context.support.AbstractContextLoader - Could not detect default resource locations for test class [com.leszko.calculator.MemberRepositoryTest]: no resource found for suffixes {-context.xml, Context.groovy}.
16:01:27.167 [Test worker] INFO org.springframework.test.context.support.AnnotationConfigContextLoaderUtils - Could not detect default configuration classes for test class [com.leszko.calculator.MemberRepositoryTest]: MemberRepositoryTest does not declare any static, non-private, non-final, nested classes annotated with @Configuration.
16:01:27.218 [Test worker] DEBUG org.springframework.context.annotation.ClassPathScanningCandidateComponentProvider - Identified candidate component class: file [/Users/adam/Documents/lecture/DevOps/CICD/ContinuousDelivery/Chapter04/sample1/build/classes/java/main/com/leszko/calculator/CalculatorApplication.class]
16:01:27.221 [Test worker] INFO org.springframework.boot.test.context.SpringBootTestContextBootstrapper - Found @SpringBootConfiguration com.leszko.calculator.CalculatorApplication for test class com.leszko.calculator.MemberRepositoryTest
16:01:27.223 [Test worker] DEBUG org.springframework.boot.test.autoconfigure.orm.jpa.DataJpaTestContextBootstrapper - @TestExecutionListeners is not present for class [com.leszko.calculator.MemberRepositoryTest]: using defaults.
16:01:27.223 [Test worker] INFO org.springframework.boot.test.autoconfigure.orm.jpa.DataJpaTestContextBootstrapper - Loaded default TestExecutionListener class names from location [META-INF/spring.factories]: [org.springframework.boot.test.autoconfigure.restdocs.RestDocsTestExecutionListener, org.springframework.boot.test.autoconfigure.web.client.MockRestServiceServerResetTestExecutionListener, org.springframework.boot.test.autoconfigure.web.servlet.MockMvcPrintOnlyOnFailureTestExecutionListener, org.springframework.boot.test.autoconfigure.web.servlet.WebDriverTestExecutionListener, org.springframework.boot.test.autoconfigure.webservices.client.MockWebServiceServerTestExecutionListener, org.springframework.boot.test.mock.mockito.MockitoTestExecutionListener, org.springframework.boot.test.mock.mockito.ResetMocksTestExecutionListener, org.springframework.test.context.web.ServletTestExecutionListener, org.springframework.test.context.support.DirtiesContextBeforeModesTestExecutionListener, org.springframework.test.context.event.ApplicationEventsTestExecutionListener, org.springframework.test.context.support.DependencyInjectionTestExecutionListener, org.springframework.test.context.support.DirtiesContextTestExecutionListener, org.springframework.test.context.transaction.TransactionalTestExecutionListener, org.springframework.test.context.jdbc.SqlScriptsTestExecutionListener, org.springframework.test.context.event.EventPublishingTestExecutionListener]
16:01:27.230 [Test worker] INFO org.springframework.boot.test.autoconfigure.orm.jpa.DataJpaTestContextBootstrapper - Using TestExecutionListeners: [org.springframework.test.context.web.ServletTestExecutionListener@47c4ecdc, org.springframework.test.context.support.DirtiesContextBeforeModesTestExecutionListener@42f33b5d, org.springframework.test.context.event.ApplicationEventsTestExecutionListener@5c8504fd, org.springframework.boot.test.mock.mockito.MockitoTestExecutionListener@4b7e96a, org.springframework.boot.test.autoconfigure.SpringBootDependencyInjectionTestExecutionListener@6475472c, org.springframework.test.context.support.DirtiesContextTestExecutionListener@3f07b12c, org.springframework.test.context.transaction.TransactionalTestExecutionListener@4bd1f8dd, org.springframework.test.context.jdbc.SqlScriptsTestExecutionListener@7096b474, org.springframework.test.context.event.EventPublishingTestExecutionListener@3e14c16d, org.springframework.boot.test.autoconfigure.restdocs.RestDocsTestExecutionListener@3c989952, org.springframework.boot.test.autoconfigure.web.client.MockRestServiceServerResetTestExecutionListener@784b990c, org.springframework.boot.test.autoconfigure.web.servlet.MockMvcPrintOnlyOnFailureTestExecutionListener@3d3ba765, org.springframework.boot.test.autoconfigure.web.servlet.WebDriverTestExecutionListener@25bc0606, org.springframework.boot.test.autoconfigure.webservices.client.MockWebServiceServerTestExecutionListener@5d1659ea, org.springframework.boot.test.mock.mockito.ResetMocksTestExecutionListener@793138bd]
16:01:27.231 [Test worker] DEBUG org.springframework.test.context.support.AbstractDirtiesContextTestExecutionListener - Before test class: context [DefaultTestContext@1522d8a0 testClass = MemberRepositoryTest, testInstance = [null], testMethod = [null], testException = [null], mergedContextConfiguration = [MergedContextConfiguration@312ab28e testClass = MemberRepositoryTest, locations = '{}', classes = '{class com.leszko.calculator.CalculatorApplication}', contextInitializerClasses = '[]', activeProfiles = '{test}', propertySourceLocations = '{classpath:application-test.yml}', propertySourceProperties = '{org.springframework.boot.test.autoconfigure.orm.jpa.DataJpaTestContextBootstrapper=true}', contextCustomizers = set[org.springframework.boot.test.autoconfigure.OverrideAutoConfigurationContextCustomizerFactory$DisableAutoConfigurationContextCustomizer@6d025197, org.springframework.boot.test.autoconfigure.actuate.metrics.MetricsExportContextCustomizerFactory$DisableMetricExportContextCustomizer@1c481ff2, org.springframework.boot.test.autoconfigure.filter.TypeExcludeFiltersContextCustomizer@351584c0, org.springframework.boot.test.autoconfigure.properties.PropertyMappingContextCustomizer@5d583443, org.springframework.boot.test.autoconfigure.web.servlet.WebDriverContextCustomizerFactory$Customizer@1fde5d22, [ImportsContextCustomizer@5644dc81 key = [org.springframework.boot.autoconfigure.cache.CacheAutoConfiguration, org.springframework.boot.autoconfigure.data.jpa.JpaRepositoriesAutoConfiguration, org.springframework.boot.autoconfigure.flyway.FlywayAutoConfiguration, org.springframework.boot.autoconfigure.jdbc.DataSourceAutoConfiguration, org.springframework.boot.autoconfigure.jdbc.DataSourceTransactionManagerAutoConfiguration, org.springframework.boot.autoconfigure.jdbc.JdbcTemplateAutoConfiguration, org.springframework.boot.autoconfigure.liquibase.LiquibaseAutoConfiguration, org.springframework.boot.autoconfigure.orm.jpa.HibernateJpaAutoConfiguration, org.springframework.boot.autoconfigure.sql.init.SqlInitializationAutoConfiguration, org.springframework.boot.autoconfigure.transaction.TransactionAutoConfiguration, org.springframework.boot.test.autoconfigure.jdbc.TestDatabaseAutoConfiguration, org.springframework.boot.test.autoconfigure.orm.jpa.TestEntityManagerAutoConfiguration]], org.springframework.boot.test.context.filter.ExcludeFilterContextCustomizer@4982cc36, org.springframework.boot.test.json.DuplicateJsonObjectContextCustomizerFactory$DuplicateJsonObjectContextCustomizer@e19bb76, org.springframework.boot.test.mock.mockito.MockitoContextCustomizer@0, org.springframework.boot.test.context.SpringBootTestArgs@1, org.springframework.boot.test.context.SpringBootTestWebEnvironment@0], contextLoader = 'org.springframework.boot.test.context.SpringBootContextLoader', parent = [null]], attributes = map[[empty]]], class annotated with @DirtiesContext [false] with mode [null].
16:01:27.236 [Test worker] DEBUG org.springframework.test.context.support.DependencyInjectionTestExecutionListener - Performing dependency injection for test context [[DefaultTestContext@1522d8a0 testClass = MemberRepositoryTest, testInstance = com.leszko.calculator.MemberRepositoryTest@320de594, testMethod = [null], testException = [null], mergedContextConfiguration = [MergedContextConfiguration@312ab28e testClass = MemberRepositoryTest, locations = '{}', classes = '{class com.leszko.calculator.CalculatorApplication}', contextInitializerClasses = '[]', activeProfiles = '{test}', propertySourceLocations = '{classpath:application-test.yml}', propertySourceProperties = '{org.springframework.boot.test.autoconfigure.orm.jpa.DataJpaTestContextBootstrapper=true}', contextCustomizers = set[org.springframework.boot.test.autoconfigure.OverrideAutoConfigurationContextCustomizerFactory$DisableAutoConfigurationContextCustomizer@6d025197, org.springframework.boot.test.autoconfigure.actuate.metrics.MetricsExportContextCustomizerFactory$DisableMetricExportContextCustomizer@1c481ff2, org.springframework.boot.test.autoconfigure.filter.TypeExcludeFiltersContextCustomizer@351584c0, org.springframework.boot.test.autoconfigure.properties.PropertyMappingContextCustomizer@5d583443, org.springframework.boot.test.autoconfigure.web.servlet.WebDriverContextCustomizerFactory$Customizer@1fde5d22, [ImportsContextCustomizer@5644dc81 key = [org.springframework.boot.autoconfigure.cache.CacheAutoConfiguration, org.springframework.boot.autoconfigure.data.jpa.JpaRepositoriesAutoConfiguration, org.springframework.boot.autoconfigure.flyway.FlywayAutoConfiguration, org.springframework.boot.autoconfigure.jdbc.DataSourceAutoConfiguration, org.springframework.boot.autoconfigure.jdbc.DataSourceTransactionManagerAutoConfiguration, org.springframework.boot.autoconfigure.jdbc.JdbcTemplateAutoConfiguration, org.springframework.boot.autoconfigure.liquibase.LiquibaseAutoConfiguration, org.springframework.boot.autoconfigure.orm.jpa.HibernateJpaAutoConfiguration, org.springframework.boot.autoconfigure.sql.init.SqlInitializationAutoConfiguration, org.springframework.boot.autoconfigure.transaction.TransactionAutoConfiguration, org.springframework.boot.test.autoconfigure.jdbc.TestDatabaseAutoConfiguration, org.springframework.boot.test.autoconfigure.orm.jpa.TestEntityManagerAutoConfiguration]], org.springframework.boot.test.context.filter.ExcludeFilterContextCustomizer@4982cc36, org.springframework.boot.test.json.DuplicateJsonObjectContextCustomizerFactory$DuplicateJsonObjectContextCustomizer@e19bb76, org.springframework.boot.test.mock.mockito.MockitoContextCustomizer@0, org.springframework.boot.test.context.SpringBootTestArgs@1, org.springframework.boot.test.context.SpringBootTestWebEnvironment@0], contextLoader = 'org.springframework.boot.test.context.SpringBootContextLoader', parent = [null]], attributes = map['org.springframework.test.context.event.ApplicationEventsTestExecutionListener.recordApplicationEvents' -> false]]].
16:01:27.248 [Test worker] DEBUG org.springframework.boot.ApplicationEnvironment - Activating profiles []
16:01:27.258 [Test worker] DEBUG org.springframework.test.context.support.TestPropertySourceUtils - Adding inlined properties to environment: {spring.jmx.enabled=false, org.springframework.boot.test.autoconfigure.orm.jpa.DataJpaTestContextBootstrapper=true}

  .   ____          _            __ _ _
 /\\ / ___'_ __ _ _(_)_ __  __ _ \ \ \ \
( ( )\___ | '_ | '_| | '_ \/ _` | \ \ \ \
 \\/  ___)| |_)| | | | | || (_| |  ) ) ) )
  '  |____| .__|_| |_|_| |_\__, | / / / /
 =========|_|==============|___/=/_/_/_/
 :: Spring Boot ::                (v2.6.1)

2024-12-28 16:01:27.414  INFO 43160 --- [    Test worker] c.l.calculator.MemberRepositoryTest      : Starting MemberRepositoryTest using Java 17.0.8 on ADAMui-MacBookPro.local with PID 43160 (started by adam in /Users/adam/Documents/lecture/DevOps/CICD/ContinuousDelivery/Chapter04/sample1)
2024-12-28 16:01:27.415  INFO 43160 --- [    Test worker] c.l.calculator.MemberRepositoryTest      : The following profiles are active: test
2024-12-28 16:01:27.560  INFO 43160 --- [    Test worker] .s.d.r.c.RepositoryConfigurationDelegate : Bootstrapping Spring Data JPA repositories in DEFAULT mode.
2024-12-28 16:01:27.579  INFO 43160 --- [    Test worker] .s.d.r.c.RepositoryConfigurationDelegate : Finished Spring Data repository scanning in 15 ms. Found 1 JPA repository interfaces.
2024-12-28 16:01:27.765  INFO 43160 --- [    Test worker] o.hibernate.jpa.internal.util.LogHelper  : HHH000204: Processing PersistenceUnitInfo [name: default]
2024-12-28 16:01:27.785  INFO 43160 --- [    Test worker] org.hibernate.Version                    : HHH000412: Hibernate ORM core version 5.6.1.Final
2024-12-28 16:01:27.930  INFO 43160 --- [    Test worker] o.hibernate.annotations.common.Version   : HCANN000001: Hibernate Commons Annotations {5.1.2.Final}
2024-12-28 16:01:27.970  INFO 43160 --- [    Test worker] com.zaxxer.hikari.HikariDataSource       : HikariPool-1 - Starting...
2024-12-28 16:01:28.055  INFO 43160 --- [    Test worker] com.zaxxer.hikari.HikariDataSource       : HikariPool-1 - Start completed.
2024-12-28 16:01:28.068  INFO 43160 --- [    Test worker] org.hibernate.dialect.Dialect            : HHH000400: Using dialect: org.hibernate.dialect.H2Dialect
2024-12-28 16:01:28.298 DEBUG 43160 --- [    Test worker] org.hibernate.SQL                        : 
    
    drop table if exists Member CASCADE 
Hibernate: 
    
    drop table if exists Member CASCADE 
2024-12-28 16:01:28.301 DEBUG 43160 --- [    Test worker] org.hibernate.SQL                        : 
    
    create table Member (
       id bigint generated by default as identity,
        age integer not null,
        email varchar(255) not null,
        name varchar(255) not null,
        primary key (id)
    )
Hibernate: 
    
    create table Member (
       id bigint generated by default as identity,
        age integer not null,
        email varchar(255) not null,
        name varchar(255) not null,
        primary key (id)
    )
2024-12-28 16:01:28.306 DEBUG 43160 --- [    Test worker] org.hibernate.SQL                        : 
    
    alter table Member 
       add constraint UK_9qv6yhjqm8iafto8qk452gx8h unique (email)
Hibernate: 
    
    alter table Member 
       add constraint UK_9qv6yhjqm8iafto8qk452gx8h unique (email)
2024-12-28 16:01:28.307  INFO 43160 --- [    Test worker] o.h.e.t.j.p.i.JtaPlatformInitiator       : HHH000490: Using JtaPlatform implementation: [org.hibernate.engine.transaction.jta.platform.internal.NoJtaPlatform]
2024-12-28 16:01:28.311  INFO 43160 --- [    Test worker] j.LocalContainerEntityManagerFactoryBean : Initialized JPA EntityManagerFactory for persistence unit 'default'
2024-12-28 16:01:28.474  INFO 43160 --- [    Test worker] c.l.calculator.MemberRepositoryTest      : Started MemberRepositoryTest in 1.215 seconds (JVM running for 1.667)
2024-12-28 16:01:28.486  INFO 43160 --- [    Test worker] o.s.t.c.transaction.TransactionContext   : Began transaction (1) for test context [DefaultTestContext@1522d8a0 testClass = MemberRepositoryTest, testInstance = com.leszko.calculator.MemberRepositoryTest@320de594, testMethod = save@MemberRepositoryTest, testException = [null], mergedContextConfiguration = [MergedContextConfiguration@312ab28e testClass = MemberRepositoryTest, locations = '{}', classes = '{class com.leszko.calculator.CalculatorApplication}', contextInitializerClasses = '[]', activeProfiles = '{test}', propertySourceLocations = '{classpath:application-test.yml}', propertySourceProperties = '{org.springframework.boot.test.autoconfigure.orm.jpa.DataJpaTestContextBootstrapper=true}', contextCustomizers = set[org.springframework.boot.test.autoconfigure.OverrideAutoConfigurationContextCustomizerFactory$DisableAutoConfigurationContextCustomizer@6d025197, org.springframework.boot.test.autoconfigure.actuate.metrics.MetricsExportContextCustomizerFactory$DisableMetricExportContextCustomizer@1c481ff2, org.springframework.boot.test.autoconfigure.filter.TypeExcludeFiltersContextCustomizer@351584c0, org.springframework.boot.test.autoconfigure.properties.PropertyMappingContextCustomizer@5d583443, org.springframework.boot.test.autoconfigure.web.servlet.WebDriverContextCustomizerFactory$Customizer@1fde5d22, [ImportsContextCustomizer@5644dc81 key = [org.springframework.boot.autoconfigure.cache.CacheAutoConfiguration, org.springframework.boot.autoconfigure.data.jpa.JpaRepositoriesAutoConfiguration, org.springframework.boot.autoconfigure.flyway.FlywayAutoConfiguration, org.springframework.boot.autoconfigure.jdbc.DataSourceAutoConfiguration, org.springframework.boot.autoconfigure.jdbc.DataSourceTransactionManagerAutoConfiguration, org.springframework.boot.autoconfigure.jdbc.JdbcTemplateAutoConfiguration, org.springframework.boot.autoconfigure.liquibase.LiquibaseAutoConfiguration, org.springframework.boot.autoconfigure.orm.jpa.HibernateJpaAutoConfiguration, org.springframework.boot.autoconfigure.sql.init.SqlInitializationAutoConfiguration, org.springframework.boot.autoconfigure.transaction.TransactionAutoConfiguration, org.springframework.boot.test.autoconfigure.jdbc.TestDatabaseAutoConfiguration, org.springframework.boot.test.autoconfigure.orm.jpa.TestEntityManagerAutoConfiguration]], org.springframework.boot.test.context.filter.ExcludeFilterContextCustomizer@4982cc36, org.springframework.boot.test.json.DuplicateJsonObjectContextCustomizerFactory$DuplicateJsonObjectContextCustomizer@e19bb76, org.springframework.boot.test.mock.mockito.MockitoContextCustomizer@0, org.springframework.boot.test.context.SpringBootTestArgs@1, org.springframework.boot.test.context.SpringBootTestWebEnvironment@0], contextLoader = 'org.springframework.boot.test.context.SpringBootContextLoader', parent = [null]], attributes = map['org.springframework.test.context.event.ApplicationEventsTestExecutionListener.recordApplicationEvents' -> false]]; transaction manager [org.springframework.orm.jpa.JpaTransactionManager@2b90cc1]; rollback [true]
2024-12-28 16:01:28.563 DEBUG 43160 --- [    Test worker] org.hibernate.SQL                        : 
    insert 
    into
        Member
        (id, age, email, name) 
    values
        (null, ?, ?, ?)
Hibernate: 
    insert 
    into
        Member
        (id, age, email, name) 
    values
        (null, ?, ?, ?)
2024-12-28 16:01:28.572  INFO 43160 --- [    Test worker] o.s.t.c.transaction.TransactionContext   : Rolled back transaction for test: [DefaultTestContext@1522d8a0 testClass = MemberRepositoryTest, testInstance = com.leszko.calculator.MemberRepositoryTest@320de594, testMethod = save@MemberRepositoryTest, testException = [null], mergedContextConfiguration = [MergedContextConfiguration@312ab28e testClass = MemberRepositoryTest, locations = '{}', classes = '{class com.leszko.calculator.CalculatorApplication}', contextInitializerClasses = '[]', activeProfiles = '{test}', propertySourceLocations = '{classpath:application-test.yml}', propertySourceProperties = '{org.springframework.boot.test.autoconfigure.orm.jpa.DataJpaTestContextBootstrapper=true}', contextCustomizers = set[org.springframework.boot.test.autoconfigure.OverrideAutoConfigurationContextCustomizerFactory$DisableAutoConfigurationContextCustomizer@6d025197, org.springframework.boot.test.autoconfigure.actuate.metrics.MetricsExportContextCustomizerFactory$DisableMetricExportContextCustomizer@1c481ff2, org.springframework.boot.test.autoconfigure.filter.TypeExcludeFiltersContextCustomizer@351584c0, org.springframework.boot.test.autoconfigure.properties.PropertyMappingContextCustomizer@5d583443, org.springframework.boot.test.autoconfigure.web.servlet.WebDriverContextCustomizerFactory$Customizer@1fde5d22, [ImportsContextCustomizer@5644dc81 key = [org.springframework.boot.autoconfigure.cache.CacheAutoConfiguration, org.springframework.boot.autoconfigure.data.jpa.JpaRepositoriesAutoConfiguration, org.springframework.boot.autoconfigure.flyway.FlywayAutoConfiguration, org.springframework.boot.autoconfigure.jdbc.DataSourceAutoConfiguration, org.springframework.boot.autoconfigure.jdbc.DataSourceTransactionManagerAutoConfiguration, org.springframework.boot.autoconfigure.jdbc.JdbcTemplateAutoConfiguration, org.springframework.boot.autoconfigure.liquibase.LiquibaseAutoConfiguration, org.springframework.boot.autoconfigure.orm.jpa.HibernateJpaAutoConfiguration, org.springframework.boot.autoconfigure.sql.init.SqlInitializationAutoConfiguration, org.springframework.boot.autoconfigure.transaction.TransactionAutoConfiguration, org.springframework.boot.test.autoconfigure.jdbc.TestDatabaseAutoConfiguration, org.springframework.boot.test.autoconfigure.orm.jpa.TestEntityManagerAutoConfiguration]], org.springframework.boot.test.context.filter.ExcludeFilterContextCustomizer@4982cc36, org.springframework.boot.test.json.DuplicateJsonObjectContextCustomizerFactory$DuplicateJsonObjectContextCustomizer@e19bb76, org.springframework.boot.test.mock.mockito.MockitoContextCustomizer@0, org.springframework.boot.test.context.SpringBootTestArgs@1, org.springframework.boot.test.context.SpringBootTestWebEnvironment@0], contextLoader = 'org.springframework.boot.test.context.SpringBootContextLoader', parent = [null]], attributes = map['org.springframework.test.context.event.ApplicationEventsTestExecutionListener.recordApplicationEvents' -> false]]
]]></system-out>
  <system-err><![CDATA[]]></system-err>
</testsuite>
