<?xml version="1.0" encoding="UTF-8"?>
<testsuite name="com.leszko.calculator.MemberRepositoryTest" tests="1" skipped="0" failures="0" errors="0" timestamp="2024-12-30T00:46:00" hostname="ADAMui-MacBookPro.local" time="0.149">
  <properties/>
  <testcase name="save()" classname="com.leszko.calculator.MemberRepositoryTest" time="0.149"/>
  <system-out><![CDATA[2024-12-30 09:46:00.472  INFO 11777 --- [    Test worker] .b.t.c.SpringBootTestContextBootstrapper : Neither @ContextConfiguration nor @ContextHierarchy found for test class [com.leszko.calculator.MemberRepositoryTest], using SpringBootContextLoader
2024-12-30 09:46:00.472  INFO 11777 --- [    Test worker] o.s.t.c.support.AbstractContextLoader    : Could not detect default resource locations for test class [com.leszko.calculator.MemberRepositoryTest]: no resource found for suffixes {-context.xml, Context.groovy}.
2024-12-30 09:46:00.472  INFO 11777 --- [    Test worker] t.c.s.AnnotationConfigContextLoaderUtils : Could not detect default configuration classes for test class [com.leszko.calculator.MemberRepositoryTest]: MemberRepositoryTest does not declare any static, non-private, non-final, nested classes annotated with @Configuration.
2024-12-30 09:46:00.473  INFO 11777 --- [    Test worker] .b.t.c.SpringBootTestContextBootstrapper : Found @SpringBootConfiguration com.leszko.calculator.CalculatorApplication for test class com.leszko.calculator.MemberRepositoryTest
2024-12-30 09:46:00.473  INFO 11777 --- [    Test worker] .b.t.c.SpringBootTestContextBootstrapper : Loaded default TestExecutionListener class names from location [META-INF/spring.factories]: [org.springframework.boot.test.autoconfigure.restdocs.RestDocsTestExecutionListener, org.springframework.boot.test.autoconfigure.web.client.MockRestServiceServerResetTestExecutionListener, org.springframework.boot.test.autoconfigure.web.servlet.MockMvcPrintOnlyOnFailureTestExecutionListener, org.springframework.boot.test.autoconfigure.web.servlet.WebDriverTestExecutionListener, org.springframework.boot.test.autoconfigure.webservices.client.MockWebServiceServerTestExecutionListener, org.springframework.boot.test.mock.mockito.MockitoTestExecutionListener, org.springframework.boot.test.mock.mockito.ResetMocksTestExecutionListener, org.springframework.test.context.web.ServletTestExecutionListener, org.springframework.test.context.support.DirtiesContextBeforeModesTestExecutionListener, org.springframework.test.context.event.ApplicationEventsTestExecutionListener, org.springframework.test.context.support.DependencyInjectionTestExecutionListener, org.springframework.test.context.support.DirtiesContextTestExecutionListener, org.springframework.test.context.transaction.TransactionalTestExecutionListener, org.springframework.test.context.jdbc.SqlScriptsTestExecutionListener, org.springframework.test.context.event.EventPublishingTestExecutionListener]
2024-12-30 09:46:00.473  INFO 11777 --- [    Test worker] .b.t.c.SpringBootTestContextBootstrapper : Using TestExecutionListeners: [org.springframework.test.context.web.ServletTestExecutionListener@2686a801, org.springframework.test.context.support.DirtiesContextBeforeModesTestExecutionListener@7878459f, org.springframework.test.context.event.ApplicationEventsTestExecutionListener@4f6a5cc9, org.springframework.boot.test.mock.mockito.MockitoTestExecutionListener@5d24703e, org.springframework.boot.test.autoconfigure.SpringBootDependencyInjectionTestExecutionListener@4ef10d3b, org.springframework.test.context.support.DirtiesContextTestExecutionListener@749ffdc7, org.springframework.test.context.transaction.TransactionalTestExecutionListener@690e7b89, org.springframework.test.context.jdbc.SqlScriptsTestExecutionListener@17554316, org.springframework.test.context.event.EventPublishingTestExecutionListener@518b0c12, org.springframework.boot.test.autoconfigure.restdocs.RestDocsTestExecutionListener@5af1b221, org.springframework.boot.test.autoconfigure.web.client.MockRestServiceServerResetTestExecutionListener@40b958c5, org.springframework.boot.test.autoconfigure.web.servlet.MockMvcPrintOnlyOnFailureTestExecutionListener@7d49fe37, org.springframework.boot.test.autoconfigure.web.servlet.WebDriverTestExecutionListener@74ab8610, org.springframework.boot.test.autoconfigure.webservices.client.MockWebServiceServerTestExecutionListener@231c521e, org.springframework.boot.test.mock.mockito.ResetMocksTestExecutionListener@296949c8]
2024-12-30 09:46:00.503 DEBUG 11777 --- [    Test worker] org.hibernate.SQL                        : 
    insert 
    into
        Member
        (age, email, name) 
    values
        (?, ?, ?)
Hibernate: 
    insert 
    into
        Member
        (age, email, name) 
    values
        (?, ?, ?)
]]></system-out>
  <system-err><![CDATA[]]></system-err>
</testsuite>
