<?xml version="1.0" encoding="UTF-8"?>
<testsuite name="com.leszko.calculator.MemberRepositoryTest" tests="1" skipped="0" failures="0" errors="0" timestamp="2024-12-30T01:18:42" hostname="ADAMui-MacBookPro.local" time="0.139">
  <properties/>
  <testcase name="save()" classname="com.leszko.calculator.MemberRepositoryTest" time="0.139"/>
  <system-out><![CDATA[2024-12-30 10:18:42.066  INFO 19124 --- [    Test worker] .b.t.c.SpringBootTestContextBootstrapper : Neither @ContextConfiguration nor @ContextHierarchy found for test class [com.leszko.calculator.MemberRepositoryTest], using SpringBootContextLoader
2024-12-30 10:18:42.066  INFO 19124 --- [    Test worker] o.s.t.c.support.AbstractContextLoader    : Could not detect default resource locations for test class [com.leszko.calculator.MemberRepositoryTest]: no resource found for suffixes {-context.xml, Context.groovy}.
2024-12-30 10:18:42.066  INFO 19124 --- [    Test worker] t.c.s.AnnotationConfigContextLoaderUtils : Could not detect default configuration classes for test class [com.leszko.calculator.MemberRepositoryTest]: MemberRepositoryTest does not declare any static, non-private, non-final, nested classes annotated with @Configuration.
2024-12-30 10:18:42.067  INFO 19124 --- [    Test worker] .b.t.c.SpringBootTestContextBootstrapper : Found @SpringBootConfiguration com.leszko.calculator.CalculatorApplication for test class com.leszko.calculator.MemberRepositoryTest
2024-12-30 10:18:42.068  INFO 19124 --- [    Test worker] .b.t.c.SpringBootTestContextBootstrapper : Loaded default TestExecutionListener class names from location [META-INF/spring.factories]: [org.springframework.boot.test.autoconfigure.restdocs.RestDocsTestExecutionListener, org.springframework.boot.test.autoconfigure.web.client.MockRestServiceServerResetTestExecutionListener, org.springframework.boot.test.autoconfigure.web.servlet.MockMvcPrintOnlyOnFailureTestExecutionListener, org.springframework.boot.test.autoconfigure.web.servlet.WebDriverTestExecutionListener, org.springframework.boot.test.autoconfigure.webservices.client.MockWebServiceServerTestExecutionListener, org.springframework.boot.test.mock.mockito.MockitoTestExecutionListener, org.springframework.boot.test.mock.mockito.ResetMocksTestExecutionListener, org.springframework.test.context.web.ServletTestExecutionListener, org.springframework.test.context.support.DirtiesContextBeforeModesTestExecutionListener, org.springframework.test.context.event.ApplicationEventsTestExecutionListener, org.springframework.test.context.support.DependencyInjectionTestExecutionListener, org.springframework.test.context.support.DirtiesContextTestExecutionListener, org.springframework.test.context.transaction.TransactionalTestExecutionListener, org.springframework.test.context.jdbc.SqlScriptsTestExecutionListener, org.springframework.test.context.event.EventPublishingTestExecutionListener]
2024-12-30 10:18:42.068  INFO 19124 --- [    Test worker] .b.t.c.SpringBootTestContextBootstrapper : Using TestExecutionListeners: [org.springframework.test.context.web.ServletTestExecutionListener@6c16a3fa, org.springframework.test.context.support.DirtiesContextBeforeModesTestExecutionListener@2c660e1a, org.springframework.test.context.event.ApplicationEventsTestExecutionListener@9802c0e, org.springframework.boot.test.mock.mockito.MockitoTestExecutionListener@50cd6946, org.springframework.boot.test.autoconfigure.SpringBootDependencyInjectionTestExecutionListener@99d19d6, org.springframework.test.context.support.DirtiesContextTestExecutionListener@1597d021, org.springframework.test.context.transaction.TransactionalTestExecutionListener@1d7f6ec1, org.springframework.test.context.jdbc.SqlScriptsTestExecutionListener@26c3b371, org.springframework.test.context.event.EventPublishingTestExecutionListener@47714dd6, org.springframework.boot.test.autoconfigure.restdocs.RestDocsTestExecutionListener@6ccc9bc1, org.springframework.boot.test.autoconfigure.web.client.MockRestServiceServerResetTestExecutionListener@a23f9ff, org.springframework.boot.test.autoconfigure.web.servlet.MockMvcPrintOnlyOnFailureTestExecutionListener@31408bf1, org.springframework.boot.test.autoconfigure.web.servlet.WebDriverTestExecutionListener@7c127ff2, org.springframework.boot.test.autoconfigure.webservices.client.MockWebServiceServerTestExecutionListener@7408e122, org.springframework.boot.test.mock.mockito.ResetMocksTestExecutionListener@6171125d]
2024-12-30 10:18:42.158 DEBUG 19124 --- [    Test worker] org.hibernate.SQL                        : 
    insert 
    into
        Member
        (age, email, name) 
    values
        (?, ?, ?)
Hibernate: 
    insert 
    into
        Member
        (age, email, name) 
    values
        (?, ?, ?)
]]></system-out>
  <system-err><![CDATA[]]></system-err>
</testsuite>
