<?xml version="1.0" encoding="UTF-8"?>
<testsuite name="com.leszko.calculator.MemberRepositoryTest" tests="1" skipped="0" failures="0" errors="0" timestamp="2024-12-29T23:39:42" hostname="ADAMui-MacBookPro.local" time="0.026">
  <properties/>
  <testcase name="save()" classname="com.leszko.calculator.MemberRepositoryTest" time="0.026"/>
  <system-out><![CDATA[2024-12-30 08:39:42.190  INFO 95537 --- [    Test worker] b.t.a.o.j.DataJpaTestContextBootstrapper : Neither @ContextConfiguration nor @ContextHierarchy found for test class [com.leszko.calculator.MemberRepositoryTest], using SpringBootContextLoader
2024-12-30 08:39:42.190  INFO 95537 --- [    Test worker] o.s.t.c.support.AbstractContextLoader    : Could not detect default resource locations for test class [com.leszko.calculator.MemberRepositoryTest]: no resource found for suffixes {-context.xml, Context.groovy}.
2024-12-30 08:39:42.190  INFO 95537 --- [    Test worker] t.c.s.AnnotationConfigContextLoaderUtils : Could not detect default configuration classes for test class [com.leszko.calculator.MemberRepositoryTest]: MemberRepositoryTest does not declare any static, non-private, non-final, nested classes annotated with @Configuration.
2024-12-30 08:39:42.193  INFO 95537 --- [    Test worker] .b.t.c.SpringBootTestContextBootstrapper : Found @SpringBootConfiguration com.leszko.calculator.CalculatorApplication for test class com.leszko.calculator.MemberRepositoryTest
2024-12-30 08:39:42.194  INFO 95537 --- [    Test worker] b.t.a.o.j.DataJpaTestContextBootstrapper : Loaded default TestExecutionListener class names from location [META-INF/spring.factories]: [org.springframework.boot.test.autoconfigure.restdocs.RestDocsTestExecutionListener, org.springframework.boot.test.autoconfigure.web.client.MockRestServiceServerResetTestExecutionListener, org.springframework.boot.test.autoconfigure.web.servlet.MockMvcPrintOnlyOnFailureTestExecutionListener, org.springframework.boot.test.autoconfigure.web.servlet.WebDriverTestExecutionListener, org.springframework.boot.test.autoconfigure.webservices.client.MockWebServiceServerTestExecutionListener, org.springframework.boot.test.mock.mockito.MockitoTestExecutionListener, org.springframework.boot.test.mock.mockito.ResetMocksTestExecutionListener, org.springframework.test.context.web.ServletTestExecutionListener, org.springframework.test.context.support.DirtiesContextBeforeModesTestExecutionListener, org.springframework.test.context.event.ApplicationEventsTestExecutionListener, org.springframework.test.context.support.DependencyInjectionTestExecutionListener, org.springframework.test.context.support.DirtiesContextTestExecutionListener, org.springframework.test.context.transaction.TransactionalTestExecutionListener, org.springframework.test.context.jdbc.SqlScriptsTestExecutionListener, org.springframework.test.context.event.EventPublishingTestExecutionListener]
2024-12-30 08:39:42.194  INFO 95537 --- [    Test worker] b.t.a.o.j.DataJpaTestContextBootstrapper : Using TestExecutionListeners: [org.springframework.test.context.web.ServletTestExecutionListener@aca2a0b, org.springframework.test.context.support.DirtiesContextBeforeModesTestExecutionListener@79080255, org.springframework.test.context.event.ApplicationEventsTestExecutionListener@2cdb53d6, org.springframework.boot.test.mock.mockito.MockitoTestExecutionListener@62ba3045, org.springframework.boot.test.autoconfigure.SpringBootDependencyInjectionTestExecutionListener@397bd46b, org.springframework.test.context.support.DirtiesContextTestExecutionListener@d863bb, org.springframework.test.context.transaction.TransactionalTestExecutionListener@76ebd595, org.springframework.test.context.jdbc.SqlScriptsTestExecutionListener@4560eb15, org.springframework.test.context.event.EventPublishingTestExecutionListener@225fb75e, org.springframework.boot.test.autoconfigure.restdocs.RestDocsTestExecutionListener@61d9dd15, org.springframework.boot.test.autoconfigure.web.client.MockRestServiceServerResetTestExecutionListener@4936fbc6, org.springframework.boot.test.autoconfigure.web.servlet.MockMvcPrintOnlyOnFailureTestExecutionListener@b4c89b6, org.springframework.boot.test.autoconfigure.web.servlet.WebDriverTestExecutionListener@54f62ac6, org.springframework.boot.test.autoconfigure.webservices.client.MockWebServiceServerTestExecutionListener@7be86438, org.springframework.boot.test.mock.mockito.ResetMocksTestExecutionListener@5fe4848]

  .   ____          _            __ _ _
 /\\ / ___'_ __ _ _(_)_ __  __ _ \ \ \ \
( ( )\___ | '_ | '_| | '_ \/ _` | \ \ \ \
 \\/  ___)| |_)| | | | | || (_| |  ) ) ) )
  '  |____| .__|_| |_|_| |_\__, | / / / /
 =========|_|==============|___/=/_/_/_/
 :: Spring Boot ::                (v2.6.1)

2024-12-30 08:39:42.208  INFO 95537 --- [    Test worker] c.l.calculator.MemberRepositoryTest      : Starting MemberRepositoryTest using Java 17.0.8 on ADAMui-MacBookPro.local with PID 95537 (started by adam in /Users/adam/Documents/lecture/DevOps/CICD/ContinuousDelivery/Chapter04/sample1)
2024-12-30 08:39:42.208  INFO 95537 --- [    Test worker] c.l.calculator.MemberRepositoryTest      : The following profiles are active: test
2024-12-30 08:39:42.239  INFO 95537 --- [    Test worker] .s.d.r.c.RepositoryConfigurationDelegate : Bootstrapping Spring Data JPA repositories in DEFAULT mode.
2024-12-30 08:39:42.242  INFO 95537 --- [    Test worker] .s.d.r.c.RepositoryConfigurationDelegate : Finished Spring Data repository scanning in 2 ms. Found 1 JPA repository interfaces.
2024-12-30 08:39:42.271  INFO 95537 --- [    Test worker] com.zaxxer.hikari.HikariDataSource       : HikariPool-3 - Starting...
2024-12-30 08:39:42.341  INFO 95537 --- [    Test worker] com.zaxxer.hikari.HikariDataSource       : HikariPool-3 - Start completed.
2024-12-30 08:39:42.349  INFO 95537 --- [    Test worker] o.hibernate.jpa.internal.util.LogHelper  : HHH000204: Processing PersistenceUnitInfo [name: default]
2024-12-30 08:39:42.353  INFO 95537 --- [    Test worker] org.hibernate.dialect.Dialect            : HHH000400: Using dialect: org.hibernate.dialect.H2Dialect
2024-12-30 08:39:42.372 DEBUG 95537 --- [    Test worker] org.hibernate.SQL                        : drop table if exists member CASCADE 
Hibernate: drop table if exists member CASCADE 
2024-12-30 08:39:42.373 DEBUG 95537 --- [    Test worker] org.hibernate.SQL                        : create table member (id bigint generated by default as identity, age integer not null, email varchar(255) not null, name varchar(255) not null, primary key (id))
Hibernate: create table member (id bigint generated by default as identity, age integer not null, email varchar(255) not null, name varchar(255) not null, primary key (id))
2024-12-30 08:39:42.376 DEBUG 95537 --- [    Test worker] org.hibernate.SQL                        : alter table member add constraint UK_mbmcqelty0fbrvxp1q58dn57t unique (email)
Hibernate: alter table member add constraint UK_mbmcqelty0fbrvxp1q58dn57t unique (email)
2024-12-30 08:39:42.378  INFO 95537 --- [    Test worker] o.h.e.t.j.p.i.JtaPlatformInitiator       : HHH000490: Using JtaPlatform implementation: [org.hibernate.engine.transaction.jta.platform.internal.NoJtaPlatform]
2024-12-30 08:39:42.378  INFO 95537 --- [    Test worker] j.LocalContainerEntityManagerFactoryBean : Initialized JPA EntityManagerFactory for persistence unit 'default'
2024-12-30 08:39:42.416  INFO 95537 --- [    Test worker] c.l.calculator.MemberRepositoryTest      : Started MemberRepositoryTest in 0.22 seconds (JVM running for 2.805)
2024-12-30 08:39:42.422  INFO 95537 --- [    Test worker] o.s.t.c.transaction.TransactionContext   : Began transaction (1) for test context [DefaultTestContext@31dbca5d testClass = MemberRepositoryTest, testInstance = com.leszko.calculator.MemberRepositoryTest@40c92dfa, testMethod = save@MemberRepositoryTest, testException = [null], mergedContextConfiguration = [MergedContextConfiguration@16b713dd testClass = MemberRepositoryTest, locations = '{}', classes = '{class com.leszko.calculator.CalculatorApplication}', contextInitializerClasses = '[]', activeProfiles = '{test}', propertySourceLocations = '{classpath:application-test.yml}', propertySourceProperties = '{org.springframework.boot.test.autoconfigure.orm.jpa.DataJpaTestContextBootstrapper=true}', contextCustomizers = set[org.springframework.boot.test.autoconfigure.OverrideAutoConfigurationContextCustomizerFactory$DisableAutoConfigurationContextCustomizer@1690929, org.springframework.boot.test.autoconfigure.actuate.metrics.MetricsExportContextCustomizerFactory$DisableMetricExportContextCustomizer@ab7395e, org.springframework.boot.test.autoconfigure.filter.TypeExcludeFiltersContextCustomizer@351584c0, org.springframework.boot.test.autoconfigure.properties.PropertyMappingContextCustomizer@9d12b2ee, org.springframework.boot.test.autoconfigure.web.servlet.WebDriverContextCustomizerFactory$Customizer@4331d187, [ImportsContextCustomizer@379df603 key = [org.springframework.boot.autoconfigure.cache.CacheAutoConfiguration, org.springframework.boot.autoconfigure.data.jpa.JpaRepositoriesAutoConfiguration, org.springframework.boot.autoconfigure.flyway.FlywayAutoConfiguration, org.springframework.boot.autoconfigure.jdbc.DataSourceAutoConfiguration, org.springframework.boot.autoconfigure.jdbc.DataSourceTransactionManagerAutoConfiguration, org.springframework.boot.autoconfigure.jdbc.JdbcTemplateAutoConfiguration, org.springframework.boot.autoconfigure.liquibase.LiquibaseAutoConfiguration, org.springframework.boot.autoconfigure.orm.jpa.HibernateJpaAutoConfiguration, org.springframework.boot.autoconfigure.sql.init.SqlInitializationAutoConfiguration, org.springframework.boot.autoconfigure.transaction.TransactionAutoConfiguration, org.springframework.boot.test.autoconfigure.jdbc.TestDatabaseAutoConfiguration, org.springframework.boot.test.autoconfigure.orm.jpa.TestEntityManagerAutoConfiguration]], org.springframework.boot.test.context.filter.ExcludeFilterContextCustomizer@1608bcbd, org.springframework.boot.test.json.DuplicateJsonObjectContextCustomizerFactory$DuplicateJsonObjectContextCustomizer@b2c5e07, org.springframework.boot.test.mock.mockito.MockitoContextCustomizer@0, org.springframework.boot.test.context.SpringBootTestArgs@1, org.springframework.boot.test.context.SpringBootTestWebEnvironment@0], contextLoader = 'org.springframework.boot.test.context.SpringBootContextLoader', parent = [null]], attributes = map['org.springframework.test.context.event.ApplicationEventsTestExecutionListener.recordApplicationEvents' -> false]]; transaction manager [org.springframework.orm.jpa.JpaTransactionManager@f5a680]; rollback [true]
2024-12-30 08:39:42.435 DEBUG 95537 --- [    Test worker] org.hibernate.SQL                        : insert into member (id, age, email, name) values (null, ?, ?, ?)
Hibernate: insert into member (id, age, email, name) values (null, ?, ?, ?)
2024-12-30 08:39:42.444  INFO 95537 --- [    Test worker] o.s.t.c.transaction.TransactionContext   : Rolled back transaction for test: [DefaultTestContext@31dbca5d testClass = MemberRepositoryTest, testInstance = com.leszko.calculator.MemberRepositoryTest@40c92dfa, testMethod = save@MemberRepositoryTest, testException = [null], mergedContextConfiguration = [MergedContextConfiguration@16b713dd testClass = MemberRepositoryTest, locations = '{}', classes = '{class com.leszko.calculator.CalculatorApplication}', contextInitializerClasses = '[]', activeProfiles = '{test}', propertySourceLocations = '{classpath:application-test.yml}', propertySourceProperties = '{org.springframework.boot.test.autoconfigure.orm.jpa.DataJpaTestContextBootstrapper=true}', contextCustomizers = set[org.springframework.boot.test.autoconfigure.OverrideAutoConfigurationContextCustomizerFactory$DisableAutoConfigurationContextCustomizer@1690929, org.springframework.boot.test.autoconfigure.actuate.metrics.MetricsExportContextCustomizerFactory$DisableMetricExportContextCustomizer@ab7395e, org.springframework.boot.test.autoconfigure.filter.TypeExcludeFiltersContextCustomizer@351584c0, org.springframework.boot.test.autoconfigure.properties.PropertyMappingContextCustomizer@9d12b2ee, org.springframework.boot.test.autoconfigure.web.servlet.WebDriverContextCustomizerFactory$Customizer@4331d187, [ImportsContextCustomizer@379df603 key = [org.springframework.boot.autoconfigure.cache.CacheAutoConfiguration, org.springframework.boot.autoconfigure.data.jpa.JpaRepositoriesAutoConfiguration, org.springframework.boot.autoconfigure.flyway.FlywayAutoConfiguration, org.springframework.boot.autoconfigure.jdbc.DataSourceAutoConfiguration, org.springframework.boot.autoconfigure.jdbc.DataSourceTransactionManagerAutoConfiguration, org.springframework.boot.autoconfigure.jdbc.JdbcTemplateAutoConfiguration, org.springframework.boot.autoconfigure.liquibase.LiquibaseAutoConfiguration, org.springframework.boot.autoconfigure.orm.jpa.HibernateJpaAutoConfiguration, org.springframework.boot.autoconfigure.sql.init.SqlInitializationAutoConfiguration, org.springframework.boot.autoconfigure.transaction.TransactionAutoConfiguration, org.springframework.boot.test.autoconfigure.jdbc.TestDatabaseAutoConfiguration, org.springframework.boot.test.autoconfigure.orm.jpa.TestEntityManagerAutoConfiguration]], org.springframework.boot.test.context.filter.ExcludeFilterContextCustomizer@1608bcbd, org.springframework.boot.test.json.DuplicateJsonObjectContextCustomizerFactory$DuplicateJsonObjectContextCustomizer@b2c5e07, org.springframework.boot.test.mock.mockito.MockitoContextCustomizer@0, org.springframework.boot.test.context.SpringBootTestArgs@1, org.springframework.boot.test.context.SpringBootTestWebEnvironment@0], contextLoader = 'org.springframework.boot.test.context.SpringBootContextLoader', parent = [null]], attributes = map['org.springframework.test.context.event.ApplicationEventsTestExecutionListener.recordApplicationEvents' -> false]]
]]></system-out>
  <system-err><![CDATA[]]></system-err>
</testsuite>
