<?xml version="1.0" encoding="UTF-8"?>
<testsuite name="com.leszko.calculator.MemberRepositoryTest" tests="1" skipped="0" failures="0" errors="0" timestamp="2024-12-30T03:19:18" hostname="ADAMui-MacBookPro.local" time="0.091">
  <properties/>
  <testcase name="save()" classname="com.leszko.calculator.MemberRepositoryTest" time="0.091"/>
  <system-out><![CDATA[2024-12-30 12:19:18.954  INFO 45014 --- [    Test worker] .b.t.c.SpringBootTestContextBootstrapper : Neither @ContextConfiguration nor @ContextHierarchy found for test class [com.leszko.calculator.MemberRepositoryTest], using SpringBootContextLoader
2024-12-30 12:19:18.954  INFO 45014 --- [    Test worker] o.s.t.c.support.AbstractContextLoader    : Could not detect default resource locations for test class [com.leszko.calculator.MemberRepositoryTest]: no resource found for suffixes {-context.xml, Context.groovy}.
2024-12-30 12:19:18.955  INFO 45014 --- [    Test worker] t.c.s.AnnotationConfigContextLoaderUtils : Could not detect default configuration classes for test class [com.leszko.calculator.MemberRepositoryTest]: MemberRepositoryTest does not declare any static, non-private, non-final, nested classes annotated with @Configuration.
2024-12-30 12:19:18.959  INFO 45014 --- [    Test worker] .b.t.c.SpringBootTestContextBootstrapper : Found @SpringBootConfiguration com.leszko.calculator.CalculatorApplication for test class com.leszko.calculator.MemberRepositoryTest
2024-12-30 12:19:18.960  INFO 45014 --- [    Test worker] .b.t.c.SpringBootTestContextBootstrapper : Loaded default TestExecutionListener class names from location [META-INF/spring.factories]: [org.springframework.boot.test.autoconfigure.restdocs.RestDocsTestExecutionListener, org.springframework.boot.test.autoconfigure.web.client.MockRestServiceServerResetTestExecutionListener, org.springframework.boot.test.autoconfigure.web.servlet.MockMvcPrintOnlyOnFailureTestExecutionListener, org.springframework.boot.test.autoconfigure.web.servlet.WebDriverTestExecutionListener, org.springframework.boot.test.autoconfigure.webservices.client.MockWebServiceServerTestExecutionListener, org.springframework.boot.test.mock.mockito.MockitoTestExecutionListener, org.springframework.boot.test.mock.mockito.ResetMocksTestExecutionListener, org.springframework.test.context.web.ServletTestExecutionListener, org.springframework.test.context.support.DirtiesContextBeforeModesTestExecutionListener, org.springframework.test.context.event.ApplicationEventsTestExecutionListener, org.springframework.test.context.support.DependencyInjectionTestExecutionListener, org.springframework.test.context.support.DirtiesContextTestExecutionListener, org.springframework.test.context.transaction.TransactionalTestExecutionListener, org.springframework.test.context.jdbc.SqlScriptsTestExecutionListener, org.springframework.test.context.event.EventPublishingTestExecutionListener]
2024-12-30 12:19:18.960  INFO 45014 --- [    Test worker] .b.t.c.SpringBootTestContextBootstrapper : Using TestExecutionListeners: [org.springframework.test.context.web.ServletTestExecutionListener@40c253bd, org.springframework.test.context.support.DirtiesContextBeforeModesTestExecutionListener@33ebc1d5, org.springframework.test.context.event.ApplicationEventsTestExecutionListener@16c03f98, org.springframework.boot.test.mock.mockito.MockitoTestExecutionListener@306e1ba2, org.springframework.boot.test.autoconfigure.SpringBootDependencyInjectionTestExecutionListener@6263f9a9, org.springframework.test.context.support.DirtiesContextTestExecutionListener@f6b7959, org.springframework.test.context.transaction.TransactionalTestExecutionListener@18c0abd3, org.springframework.test.context.jdbc.SqlScriptsTestExecutionListener@58331062, org.springframework.test.context.event.EventPublishingTestExecutionListener@25e0047c, org.springframework.boot.test.autoconfigure.restdocs.RestDocsTestExecutionListener@71951028, org.springframework.boot.test.autoconfigure.web.client.MockRestServiceServerResetTestExecutionListener@6c16a3fa, org.springframework.boot.test.autoconfigure.web.servlet.MockMvcPrintOnlyOnFailureTestExecutionListener@2c660e1a, org.springframework.boot.test.autoconfigure.web.servlet.WebDriverTestExecutionListener@9802c0e, org.springframework.boot.test.autoconfigure.webservices.client.MockWebServiceServerTestExecutionListener@50cd6946, org.springframework.boot.test.mock.mockito.ResetMocksTestExecutionListener@99d19d6]
2024-12-30 12:19:18.999 DEBUG 45014 --- [    Test worker] org.hibernate.SQL                        : 
    insert 
    into
        Member
        (age, email, name) 
    values
        (?, ?, ?)
Hibernate: 
    insert 
    into
        Member
        (age, email, name) 
    values
        (?, ?, ?)
]]></system-out>
  <system-err><![CDATA[]]></system-err>
</testsuite>
